{"numTotalTestSuites":2,"numPassedTestSuites":2,"numFailedTestSuites":0,"numPendingTestSuites":0,"numTotalTests":3,"numPassedTests":3,"numFailedTests":0,"numPendingTests":0,"numTodoTests":0,"snapshot":{"added":0,"failure":false,"filesAdded":0,"filesRemoved":0,"filesRemovedList":[],"filesUnmatched":0,"filesUpdated":0,"matched":0,"total":0,"unchecked":0,"uncheckedKeysByFile":[],"unmatched":0,"updated":0,"didUpdate":false},"startTime":1770833535680,"success":true,"testResults":[{"assertionResults":[{"ancestorTitles":["VaultHome"],"fullName":"VaultHome should render credentials list","status":"passed","title":"should render credentials list","duration":47.60349999999994,"failureMessages":[],"meta":{}},{"ancestorTitles":["VaultHome"],"fullName":"VaultHome should filter credentials by search","status":"passed","title":"should filter credentials by search","duration":21.508100000000013,"failureMessages":[],"meta":{}},{"ancestorTitles":["VaultHome"],"fullName":"VaultHome should copy password to clipboard","status":"passed","title":"should copy password to clipboard","duration":13.732700000000023,"failureMessages":[],"meta":{}}],"startTime":1770833537527,"endTime":1770833537609.7327,"status":"passed","message":"","name":"C:/Users/kondu/OneDrive/Desktop/B.TECH/6 SEM/Software Engineering/Web_Extension/src/pages/vault/VaultHome.test.tsx"}]}