{"C:\\Users\\kondu\\OneDrive\\Desktop\\B.TECH\\6 SEM\\Software Engineering\\Web_Extension\\src\\components\\ui\\Toast.tsx": {"path":"C:\\Users\\kondu\\OneDrive\\Desktop\\B.TECH\\6 SEM\\Software Engineering\\Web_Extension\\src\\components\\ui\\Toast.tsx","statementMap":{"0":{"start":{"line":14,"column":21},"end":{"line":52,"column":null}},"1":{"start":{"line":15,"column":4},"end":{"line":21,"column":null}},"2":{"start":{"line":16,"column":22},"end":{"line":18,"column":null}},"3":{"start":{"line":17,"column":12},"end":{"line":17,"column":null}},"4":{"start":{"line":20,"column":8},"end":{"line":20,"column":null}},"5":{"start":{"line":20,"column":21},"end":{"line":20,"column":null}},"6":{"start":{"line":23,"column":18},"end":{"line":27,"column":null}},"7":{"start":{"line":29,"column":19},"end":{"line":33,"column":null}},"8":{"start":{"line":35,"column":4},"end":{"line":50,"column":null}}},"fnMap":{"0":{"name":"(anonymous_0)","decl":{"start":{"line":14,"column":21},"end":{"line":14,"column":22}},"loc":{"start":{"line":14,"column":91},"end":{"line":52,"column":null}},"line":14},"1":{"name":"(anonymous_1)","decl":{"start":{"line":15,"column":14},"end":{"line":15,"column":20}},"loc":{"start":{"line":15,"column":20},"end":{"line":21,"column":7}},"line":15},"2":{"name":"(anonymous_2)","decl":{"start":{"line":16,"column":33},"end":{"line":16,"column":39}},"loc":{"start":{"line":16,"column":39},"end":{"line":18,"column":11}},"line":16},"3":{"name":"(anonymous_3)","decl":{"start":{"line":20,"column":15},"end":{"line":20,"column":21}},"loc":{"start":{"line":20,"column":21},"end":{"line":20,"column":null}},"line":20}},"branchMap":{"0":{"loc":{"start":{"line":14,"column":33},"end":{"line":14,"column":48}},"type":"default-arg","locations":[{"start":{"line":14,"column":40},"end":{"line":14,"column":48}}],"line":14},"1":{"loc":{"start":{"line":14,"column":57},"end":{"line":14,"column":73}},"type":"default-arg","locations":[{"start":{"line":14,"column":68},"end":{"line":14,"column":73}}],"line":14}},"s":{"0":2,"1":0,"2":0,"3":0,"4":0,"5":0,"6":0,"7":0,"8":0},"f":{"0":0,"1":0,"2":0,"3":0},"b":{"0":[0],"1":[0]},"meta":{"lastBranch":2,"lastFunction":4,"lastStatement":9,"seen":{"s:14:21:52:Infinity":0,"f:14:21:14:22":0,"b:14:40:14:48":0,"b:14:68:14:73":1,"s:15:4:21:Infinity":1,"f:15:14:15:20":1,"s:16:22:18:Infinity":2,"f:16:33:16:39":2,"s:17:12:17:Infinity":3,"s:20:8:20:Infinity":4,"f:20:15:20:21":3,"s:20:21:20:Infinity":5,"s:23:18:27:Infinity":6,"s:29:19:33:Infinity":7,"s:35:4:50:Infinity":8}}}
,"C:\\Users\\kondu\\OneDrive\\Desktop\\B.TECH\\6 SEM\\Software Engineering\\Web_Extension\\src\\pages\\generator\\PasswordGenerator.tsx": {"path":"C:\\Users\\kondu\\OneDrive\\Desktop\\B.TECH\\6 SEM\\Software Engineering\\Web_Extension\\src\\pages\\generator\\PasswordGenerator.tsx","statementMap":{"0":{"start":{"line":7,"column":26},"end":{"line":136,"column":null}},"1":{"start":{"line":8,"column":10},"end":{"line":8,"column":null}},"2":{"start":{"line":9,"column":32},"end":{"line":9,"column":null}},"3":{"start":{"line":10,"column":28},"end":{"line":10,"column":null}},"4":{"start":{"line":11,"column":30},"end":{"line":16,"column":null}},"5":{"start":{"line":17,"column":28},"end":{"line":17,"column":null}},"6":{"start":{"line":19,"column":4},"end":{"line":21,"column":null}},"7":{"start":{"line":20,"column":8},"end":{"line":20,"column":null}},"8":{"start":{"line":23,"column":27},"end":{"line":27,"column":null}},"9":{"start":{"line":24,"column":14},"end":{"line":24,"column":null}},"10":{"start":{"line":25,"column":8},"end":{"line":25,"column":null}},"11":{"start":{"line":26,"column":8},"end":{"line":26,"column":null}},"12":{"start":{"line":29,"column":23},"end":{"line":33,"column":null}},"13":{"start":{"line":30,"column":8},"end":{"line":30,"column":null}},"14":{"start":{"line":31,"column":8},"end":{"line":31,"column":null}},"15":{"start":{"line":32,"column":8},"end":{"line":32,"column":null}},"16":{"start":{"line":32,"column":25},"end":{"line":32,"column":43}},"17":{"start":{"line":35,"column":24},"end":{"line":39,"column":null}},"18":{"start":{"line":36,"column":8},"end":{"line":36,"column":null}},"19":{"start":{"line":36,"column":25},"end":{"line":36,"column":null}},"20":{"start":{"line":37,"column":8},"end":{"line":37,"column":null}},"21":{"start":{"line":37,"column":25},"end":{"line":37,"column":null}},"22":{"start":{"line":38,"column":8},"end":{"line":38,"column":null}},"23":{"start":{"line":41,"column":21},"end":{"line":41,"column":null}},"24":{"start":{"line":43,"column":4},"end":{"line":134,"column":null}},"25":{"start":{"line":46,"column":67},"end":{"line":46,"column":81}},"26":{"start":{"line":68,"column":79},"end":{"line":68,"column":133}},"27":{"start":{"line":90,"column":45},"end":{"line":90,"column":null}},"28":{"start":{"line":106,"column":47},"end":{"line":106,"column":null}},"29":{"start":{"line":111,"column":47},"end":{"line":111,"column":null}},"30":{"start":{"line":116,"column":47},"end":{"line":116,"column":null}},"31":{"start":{"line":121,"column":47},"end":{"line":121,"column":null}},"32":{"start":{"line":138,"column":21},"end":{"line":155,"column":null}},"33":{"start":{"line":139,"column":4},"end":{"line":155,"column":null}}},"fnMap":{"0":{"name":"(anonymous_0)","decl":{"start":{"line":7,"column":26},"end":{"line":7,"column":32}},"loc":{"start":{"line":7,"column":32},"end":{"line":136,"column":null}},"line":7},"1":{"name":"(anonymous_1)","decl":{"start":{"line":19,"column":14},"end":{"line":19,"column":20}},"loc":{"start":{"line":19,"column":20},"end":{"line":21,"column":7}},"line":19},"2":{"name":"(anonymous_2)","decl":{"start":{"line":23,"column":27},"end":{"line":23,"column":33}},"loc":{"start":{"line":23,"column":33},"end":{"line":27,"column":null}},"line":23},"3":{"name":"(anonymous_3)","decl":{"start":{"line":29,"column":23},"end":{"line":29,"column":29}},"loc":{"start":{"line":29,"column":29},"end":{"line":33,"column":null}},"line":29},"4":{"name":"(anonymous_4)","decl":{"start":{"line":32,"column":19},"end":{"line":32,"column":25}},"loc":{"start":{"line":32,"column":25},"end":{"line":32,"column":43}},"line":32},"5":{"name":"(anonymous_5)","decl":{"start":{"line":35,"column":24},"end":{"line":35,"column":30}},"loc":{"start":{"line":35,"column":30},"end":{"line":39,"column":null}},"line":35},"6":{"name":"(anonymous_6)","decl":{"start":{"line":46,"column":61},"end":{"line":46,"column":67}},"loc":{"start":{"line":46,"column":67},"end":{"line":46,"column":81}},"line":46},"7":{"name":"(anonymous_7)","decl":{"start":{"line":68,"column":73},"end":{"line":68,"column":79}},"loc":{"start":{"line":68,"column":79},"end":{"line":68,"column":133}},"line":68},"8":{"name":"(anonymous_8)","decl":{"start":{"line":90,"column":38},"end":{"line":90,"column":39}},"loc":{"start":{"line":90,"column":45},"end":{"line":90,"column":null}},"line":90},"9":{"name":"(anonymous_9)","decl":{"start":{"line":106,"column":41},"end":{"line":106,"column":47}},"loc":{"start":{"line":106,"column":47},"end":{"line":106,"column":null}},"line":106},"10":{"name":"(anonymous_10)","decl":{"start":{"line":111,"column":41},"end":{"line":111,"column":47}},"loc":{"start":{"line":111,"column":47},"end":{"line":111,"column":null}},"line":111},"11":{"name":"(anonymous_11)","decl":{"start":{"line":116,"column":41},"end":{"line":116,"column":47}},"loc":{"start":{"line":116,"column":47},"end":{"line":116,"column":null}},"line":116},"12":{"name":"(anonymous_12)","decl":{"start":{"line":121,"column":41},"end":{"line":121,"column":47}},"loc":{"start":{"line":121,"column":47},"end":{"line":121,"column":null}},"line":121},"13":{"name":"(anonymous_13)","decl":{"start":{"line":138,"column":21},"end":{"line":138,"column":22}},"loc":{"start":{"line":139,"column":4},"end":{"line":155,"column":null}},"line":139}},"branchMap":{"0":{"loc":{"start":{"line":36,"column":8},"end":{"line":36,"column":null}},"type":"if","locations":[{"start":{"line":36,"column":8},"end":{"line":36,"column":null}},{"start":{},"end":{}}],"line":36},"1":{"loc":{"start":{"line":37,"column":8},"end":{"line":37,"column":null}},"type":"if","locations":[{"start":{"line":37,"column":8},"end":{"line":37,"column":null}},{"start":{},"end":{}}],"line":37},"2":{"loc":{"start":{"line":63,"column":33},"end":{"line":63,"column":null}},"type":"cond-expr","locations":[{"start":{"line":63,"column":42},"end":{"line":63,"column":79}},{"start":{"line":63,"column":79},"end":{"line":63,"column":null}}],"line":63},"3":{"loc":{"start":{"line":64,"column":33},"end":{"line":64,"column":null}},"type":"cond-expr","locations":[{"start":{"line":64,"column":42},"end":{"line":64,"column":53}},{"start":{"line":64,"column":53},"end":{"line":64,"column":null}}],"line":64},"4":{"loc":{"start":{"line":143,"column":12},"end":{"line":145,"column":null}},"type":"cond-expr","locations":[{"start":{"line":144,"column":18},"end":{"line":144,"column":null}},{"start":{"line":145,"column":18},"end":{"line":145,"column":null}}],"line":143},"5":{"loc":{"start":{"line":151,"column":12},"end":{"line":151,"column":null}},"type":"cond-expr","locations":[{"start":{"line":151,"column":21},"end":{"line":151,"column":51}},{"start":{"line":151,"column":51},"end":{"line":151,"column":null}}],"line":151},"6":{"loc":{"start":{"line":153,"column":13},"end":{"line":153,"column":null}},"type":"binary-expr","locations":[{"start":{"line":153,"column":13},"end":{"line":153,"column":23}},{"start":{"line":153,"column":23},"end":{"line":153,"column":null}}],"line":153}},"s":{"0":1,"1":10,"2":10,"3":10,"4":10,"5":10,"6":10,"7":5,"8":10,"9":5,"10":5,"11":5,"12":10,"13":0,"14":0,"15":0,"16":0,"17":10,"18":10,"19":0,"20":10,"21":0,"22":10,"23":10,"24":10,"25":0,"26":0,"27":1,"28":0,"29":0,"30":0,"31":1,"32":1,"33":36},"f":{"0":10,"1":5,"2":5,"3":0,"4":0,"5":10,"6":0,"7":0,"8":1,"9":0,"10":0,"11":0,"12":1,"13":36},"b":{"0":[0,10],"1":[0,10],"2":[0,10],"3":[0,10],"4":[35,1],"5":[35,1],"6":[36,35]},"meta":{"lastBranch":7,"lastFunction":14,"lastStatement":34,"seen":{"s:7:26:136:Infinity":0,"f:7:26:7:32":0,"s:8:10:8:Infinity":1,"s:9:32:9:Infinity":2,"s:10:28:10:Infinity":3,"s:11:30:16:Infinity":4,"s:17:28:17:Infinity":5,"s:19:4:21:Infinity":6,"f:19:14:19:20":1,"s:20:8:20:Infinity":7,"s:23:27:27:Infinity":8,"f:23:27:23:33":2,"s:24:14:24:Infinity":9,"s:25:8:25:Infinity":10,"s:26:8:26:Infinity":11,"s:29:23:33:Infinity":12,"f:29:23:29:29":3,"s:30:8:30:Infinity":13,"s:31:8:31:Infinity":14,"s:32:8:32:Infinity":15,"f:32:19:32:25":4,"s:32:25:32:43":16,"s:35:24:39:Infinity":17,"f:35:24:35:30":5,"b:36:8:36:Infinity:undefined:undefined:undefined:undefined":0,"s:36:8:36:Infinity":18,"s:36:25:36:Infinity":19,"b:37:8:37:Infinity:undefined:undefined:undefined:undefined":1,"s:37:8:37:Infinity":20,"s:37:25:37:Infinity":21,"s:38:8:38:Infinity":22,"s:41:21:41:Infinity":23,"s:43:4:134:Infinity":24,"f:46:61:46:67":6,"s:46:67:46:81":25,"b:63:42:63:79:63:79:63:Infinity":2,"b:64:42:64:53:64:53:64:Infinity":3,"f:68:73:68:79":7,"s:68:79:68:133":26,"f:90:38:90:39":8,"s:90:45:90:Infinity":27,"f:106:41:106:47":9,"s:106:47:106:Infinity":28,"f:111:41:111:47":10,"s:111:47:111:Infinity":29,"f:116:41:116:47":11,"s:116:47:116:Infinity":30,"f:121:41:121:47":12,"s:121:47:121:Infinity":31,"s:138:21:155:Infinity":32,"f:138:21:138:22":13,"s:139:4:155:Infinity":33,"b:144:18:144:Infinity:145:18:145:Infinity":4,"b:151:21:151:51:151:51:151:Infinity":5,"b:153:13:153:23:153:23:153:Infinity":6}}}
,"C:\\Users\\kondu\\OneDrive\\Desktop\\B.TECH\\6 SEM\\Software Engineering\\Web_Extension\\src\\pages\\vault\\VaultHome.tsx": {"path":"C:\\Users\\kondu\\OneDrive\\Desktop\\B.TECH\\6 SEM\\Software Engineering\\Web_Extension\\src\\pages\\vault\\VaultHome.tsx","statementMap":{"0":{"start":{"line":22,"column":18},"end":{"line":147,"column":null}},"1":{"start":{"line":23,"column":10},"end":{"line":23,"column":null}},"2":{"start":{"line":24,"column":36},"end":{"line":24,"column":null}},"3":{"start":{"line":25,"column":10},"end":{"line":25,"column":null}},"4":{"start":{"line":25,"column":43},"end":{"line":25,"column":55}},"5":{"start":{"line":26,"column":28},"end":{"line":26,"column":null}},"6":{"start":{"line":27,"column":26},"end":{"line":27,"column":null}},"7":{"start":{"line":31,"column":32},"end":{"line":35,"column":null}},"8":{"start":{"line":32,"column":8},"end":{"line":34,"column":null}},"9":{"start":{"line":43,"column":23},"end":{"line":46,"column":null}},"10":{"start":{"line":44,"column":8},"end":{"line":44,"column":null}},"11":{"start":{"line":45,"column":8},"end":{"line":45,"column":null}},"12":{"start":{"line":53,"column":24},"end":{"line":61,"column":null}},"13":{"start":{"line":54,"column":8},"end":{"line":60,"column":null}},"14":{"start":{"line":55,"column":27},"end":{"line":55,"column":null}},"15":{"start":{"line":56,"column":28},"end":{"line":56,"column":null}},"16":{"start":{"line":57,"column":28},"end":{"line":57,"column":null}},"17":{"start":{"line":58,"column":26},"end":{"line":58,"column":null}},"18":{"start":{"line":59,"column":21},"end":{"line":59,"column":null}},"19":{"start":{"line":63,"column":4},"end":{"line":145,"column":null}},"20":{"start":{"line":79,"column":75},"end":{"line":79,"column":99}},"21":{"start":{"line":94,"column":41},"end":{"line":94,"column":null}},"22":{"start":{"line":117,"column":47},"end":{"line":117,"column":null}},"23":{"start":{"line":123,"column":24},"end":{"line":123,"column":null}},"24":{"start":{"line":123,"column":100},"end":{"line":123,"column":141}},"25":{"start":{"line":130,"column":106},"end":{"line":130,"column":126}},"26":{"start":{"line":131,"column":90},"end":{"line":131,"column":119}},"27":{"start":{"line":132,"column":95},"end":{"line":132,"column":119}},"28":{"start":{"line":133,"column":99},"end":{"line":133,"column":122}},"29":{"start":{"line":141,"column":39},"end":{"line":141,"column":null}},"30":{"start":{"line":159,"column":23},"end":{"line":191,"column":null}},"31":{"start":{"line":160,"column":4},"end":{"line":191,"column":null}},"32":{"start":{"line":176,"column":38},"end":{"line":176,"column":59}},"33":{"start":{"line":176,"column":59},"end":{"line":176,"column":94}},"34":{"start":{"line":185,"column":38},"end":{"line":185,"column":59}},"35":{"start":{"line":185,"column":59},"end":{"line":185,"column":94}},"36":{"start":{"line":194,"column":18},"end":{"line":204,"column":null}},"37":{"start":{"line":195,"column":4},"end":{"line":204,"column":null}}},"fnMap":{"0":{"name":"(anonymous_0)","decl":{"start":{"line":22,"column":18},"end":{"line":22,"column":24}},"loc":{"start":{"line":22,"column":24},"end":{"line":147,"column":null}},"line":22},"1":{"name":"(anonymous_1)","decl":{"start":{"line":25,"column":32},"end":{"line":25,"column":33}},"loc":{"start":{"line":25,"column":43},"end":{"line":25,"column":55}},"line":25},"2":{"name":"(anonymous_2)","decl":{"start":{"line":31,"column":51},"end":{"line":31,"column":null}},"loc":{"start":{"line":32,"column":8},"end":{"line":34,"column":null}},"line":32},"3":{"name":"(anonymous_3)","decl":{"start":{"line":43,"column":23},"end":{"line":43,"column":24}},"loc":{"start":{"line":43,"column":56},"end":{"line":46,"column":null}},"line":43},"4":{"name":"(anonymous_4)","decl":{"start":{"line":53,"column":24},"end":{"line":53,"column":30}},"loc":{"start":{"line":53,"column":30},"end":{"line":61,"column":null}},"line":53},"5":{"name":"(anonymous_5)","decl":{"start":{"line":79,"column":69},"end":{"line":79,"column":75}},"loc":{"start":{"line":79,"column":75},"end":{"line":79,"column":99}},"line":79},"6":{"name":"(anonymous_6)","decl":{"start":{"line":94,"column":34},"end":{"line":94,"column":35}},"loc":{"start":{"line":94,"column":41},"end":{"line":94,"column":null}},"line":94},"7":{"name":"(anonymous_7)","decl":{"start":{"line":117,"column":41},"end":{"line":117,"column":47}},"loc":{"start":{"line":117,"column":47},"end":{"line":117,"column":null}},"line":117},"8":{"name":"(anonymous_8)","decl":{"start":{"line":122,"column":44},"end":{"line":122,"column":45}},"loc":{"start":{"line":123,"column":24},"end":{"line":123,"column":null}},"line":123},"9":{"name":"(anonymous_9)","decl":{"start":{"line":123,"column":94},"end":{"line":123,"column":100}},"loc":{"start":{"line":123,"column":100},"end":{"line":123,"column":141}},"line":123},"10":{"name":"(anonymous_10)","decl":{"start":{"line":130,"column":100},"end":{"line":130,"column":106}},"loc":{"start":{"line":130,"column":106},"end":{"line":130,"column":126}},"line":130},"11":{"name":"(anonymous_11)","decl":{"start":{"line":131,"column":84},"end":{"line":131,"column":90}},"loc":{"start":{"line":131,"column":90},"end":{"line":131,"column":119}},"line":131},"12":{"name":"(anonymous_12)","decl":{"start":{"line":132,"column":89},"end":{"line":132,"column":95}},"loc":{"start":{"line":132,"column":95},"end":{"line":132,"column":119}},"line":132},"13":{"name":"(anonymous_13)","decl":{"start":{"line":133,"column":93},"end":{"line":133,"column":99}},"loc":{"start":{"line":133,"column":99},"end":{"line":133,"column":122}},"line":133},"14":{"name":"(anonymous_14)","decl":{"start":{"line":141,"column":33},"end":{"line":141,"column":39}},"loc":{"start":{"line":141,"column":39},"end":{"line":141,"column":null}},"line":141},"15":{"name":"(anonymous_15)","decl":{"start":{"line":159,"column":23},"end":{"line":159,"column":24}},"loc":{"start":{"line":160,"column":4},"end":{"line":191,"column":null}},"line":160},"16":{"name":"(anonymous_16)","decl":{"start":{"line":176,"column":29},"end":{"line":176,"column":30}},"loc":{"start":{"line":176,"column":36},"end":{"line":176,"column":null}},"line":176},"17":{"name":"(anonymous_17)","decl":{"start":{"line":185,"column":29},"end":{"line":185,"column":30}},"loc":{"start":{"line":185,"column":36},"end":{"line":185,"column":null}},"line":185},"18":{"name":"(anonymous_18)","decl":{"start":{"line":194,"column":18},"end":{"line":194,"column":19}},"loc":{"start":{"line":195,"column":4},"end":{"line":204,"column":null}},"line":195}},"branchMap":{"0":{"loc":{"start":{"line":32,"column":8},"end":{"line":34,"column":null}},"type":"binary-expr","locations":[{"start":{"line":32,"column":8},"end":{"line":32,"column":null}},{"start":{"line":33,"column":8},"end":{"line":33,"column":null}},{"start":{"line":34,"column":8},"end":{"line":34,"column":null}}],"line":32},"1":{"loc":{"start":{"line":54,"column":8},"end":{"line":60,"column":null}},"type":"switch","locations":[{"start":{"line":55,"column":12},"end":{"line":55,"column":null}},{"start":{"line":56,"column":12},"end":{"line":56,"column":null}},{"start":{"line":57,"column":12},"end":{"line":57,"column":null}},{"start":{"line":58,"column":12},"end":{"line":58,"column":null}},{"start":{"line":59,"column":12},"end":{"line":59,"column":null}}],"line":54},"2":{"loc":{"start":{"line":108,"column":17},"end":{"line":124,"column":null}},"type":"cond-expr","locations":[{"start":{"line":109,"column":20},"end":{"line":120,"column":null}},{"start":{"line":122,"column":20},"end":{"line":124,"column":null}}],"line":108},"3":{"loc":{"start":{"line":137,"column":16},"end":{"line":142,"column":null}},"type":"binary-expr","locations":[{"start":{"line":137,"column":16},"end":{"line":137,"column":null}},{"start":{"line":138,"column":20},"end":{"line":142,"column":null}}],"line":137},"4":{"loc":{"start":{"line":199,"column":12},"end":{"line":199,"column":null}},"type":"cond-expr","locations":[{"start":{"line":199,"column":21},"end":{"line":199,"column":51}},{"start":{"line":199,"column":51},"end":{"line":199,"column":null}}],"line":199}},"s":{"0":1,"1":6,"2":6,"3":6,"4":18,"5":6,"6":6,"7":6,"8":6,"9":6,"10":1,"11":1,"12":6,"13":6,"14":0,"15":6,"16":0,"17":0,"18":0,"19":6,"20":0,"21":2,"22":0,"23":5,"24":0,"25":0,"26":0,"27":0,"28":0,"29":0,"30":1,"31":5,"32":1,"33":1,"34":0,"35":0,"36":1,"37":24},"f":{"0":6,"1":18,"2":6,"3":1,"4":6,"5":0,"6":2,"7":0,"8":5,"9":0,"10":0,"11":0,"12":0,"13":0,"14":0,"15":5,"16":1,"17":0,"18":24},"b":{"0":[6,1,1],"1":[0,6,0,0,0],"2":[1,5],"3":[6,1],"4":[6,18]},"meta":{"lastBranch":5,"lastFunction":19,"lastStatement":38,"seen":{"s:22:18:147:Infinity":0,"f:22:18:22:24":0,"s:23:10:23:Infinity":1,"s:24:36:24:Infinity":2,"s:25:10:25:Infinity":3,"f:25:32:25:33":1,"s:25:43:25:55":4,"s:26:28:26:Infinity":5,"s:27:26:27:Infinity":6,"s:31:32:35:Infinity":7,"f:31:51:31:Infinity":2,"s:32:8:34:Infinity":8,"b:32:8:32:Infinity:33:8:33:Infinity:34:8:34:Infinity":0,"s:43:23:46:Infinity":9,"f:43:23:43:24":3,"s:44:8:44:Infinity":10,"s:45:8:45:Infinity":11,"s:53:24:61:Infinity":12,"f:53:24:53:30":4,"b:55:12:55:Infinity:56:12:56:Infinity:57:12:57:Infinity:58:12:58:Infinity:59:12:59:Infinity":1,"s:54:8:60:Infinity":13,"s:55:27:55:Infinity":14,"s:56:28:56:Infinity":15,"s:57:28:57:Infinity":16,"s:58:26:58:Infinity":17,"s:59:21:59:Infinity":18,"s:63:4:145:Infinity":19,"f:79:69:79:75":5,"s:79:75:79:99":20,"f:94:34:94:35":6,"s:94:41:94:Infinity":21,"b:109:20:120:Infinity:122:20:124:Infinity":2,"f:117:41:117:47":7,"s:117:47:117:Infinity":22,"f:122:44:122:45":8,"s:123:24:123:Infinity":23,"f:123:94:123:100":9,"s:123:100:123:141":24,"f:130:100:130:106":10,"s:130:106:130:126":25,"f:131:84:131:90":11,"s:131:90:131:119":26,"f:132:89:132:95":12,"s:132:95:132:119":27,"f:133:93:133:99":13,"s:133:99:133:122":28,"b:137:16:137:Infinity:138:20:142:Infinity":3,"f:141:33:141:39":14,"s:141:39:141:Infinity":29,"s:159:23:191:Infinity":30,"f:159:23:159:24":15,"s:160:4:191:Infinity":31,"f:176:29:176:30":16,"s:176:38:176:59":32,"s:176:59:176:94":33,"f:185:29:185:30":17,"s:185:38:185:59":34,"s:185:59:185:94":35,"s:194:18:204:Infinity":36,"f:194:18:194:19":18,"s:195:4:204:Infinity":37,"b:199:21:199:51:199:51:199:Infinity":4}}}
,"C:\\Users\\kondu\\OneDrive\\Desktop\\B.TECH\\6 SEM\\Software Engineering\\Web_Extension\\src\\services\\storage.ts": {"path":"C:\\Users\\kondu\\OneDrive\\Desktop\\B.TECH\\6 SEM\\Software Engineering\\Web_Extension\\src\\services\\storage.ts","statementMap":{"0":{"start":{"line":4,"column":20},"end":{"line":4,"column":null}},"1":{"start":{"line":6,"column":31},"end":{"line":11,"column":null}},"2":{"start":{"line":8,"column":17},"end":{"line":8,"column":null}},"3":{"start":{"line":9,"column":22},"end":{"line":9,"column":null}},"4":{"start":{"line":10,"column":4},"end":{"line":10,"column":null}},"5":{"start":{"line":13,"column":31},"end":{"line":29,"column":null}},"6":{"start":{"line":14,"column":19},"end":{"line":14,"column":null}},"7":{"start":{"line":15,"column":22},"end":{"line":15,"column":null}},"8":{"start":{"line":17,"column":4},"end":{"line":17,"column":null}},"9":{"start":{"line":17,"column":20},"end":{"line":17,"column":null}},"10":{"start":{"line":19,"column":4},"end":{"line":28,"column":null}},"11":{"start":{"line":20,"column":26},"end":{"line":20,"column":null}},"12":{"start":{"line":21,"column":8},"end":{"line":21,"column":null}},"13":{"start":{"line":23,"column":8},"end":{"line":23,"column":null}},"14":{"start":{"line":27,"column":8},"end":{"line":27,"column":null}}},"fnMap":{"0":{"name":"(anonymous_0)","decl":{"start":{"line":6,"column":31},"end":{"line":6,"column":38}},"loc":{"start":{"line":6,"column":81},"end":{"line":11,"column":null}},"line":6},"1":{"name":"(anonymous_1)","decl":{"start":{"line":13,"column":31},"end":{"line":13,"column":38}},"loc":{"start":{"line":13,"column":77},"end":{"line":29,"column":null}},"line":13}},"branchMap":{"0":{"loc":{"start":{"line":17,"column":4},"end":{"line":17,"column":null}},"type":"if","locations":[{"start":{"line":17,"column":4},"end":{"line":17,"column":null}},{"start":{},"end":{}}],"line":17}},"s":{"0":2,"1":2,"2":0,"3":0,"4":0,"5":2,"6":0,"7":0,"8":0,"9":0,"10":0,"11":0,"12":0,"13":0,"14":0},"f":{"0":0,"1":0},"b":{"0":[0,0]},"meta":{"lastBranch":1,"lastFunction":2,"lastStatement":15,"seen":{"s:4:20:4:Infinity":0,"s:6:31:11:Infinity":1,"f:6:31:6:38":0,"s:8:17:8:Infinity":2,"s:9:22:9:Infinity":3,"s:10:4:10:Infinity":4,"s:13:31:29:Infinity":5,"f:13:31:13:38":1,"s:14:19:14:Infinity":6,"s:15:22:15:Infinity":7,"b:17:4:17:Infinity:undefined:undefined:undefined:undefined":0,"s:17:4:17:Infinity":8,"s:17:20:17:Infinity":9,"s:19:4:28:Infinity":10,"s:20:26:20:Infinity":11,"s:21:8:21:Infinity":12,"s:23:8:23:Infinity":13,"s:27:8:27:Infinity":14}}}
,"C:\\Users\\kondu\\OneDrive\\Desktop\\B.TECH\\6 SEM\\Software Engineering\\Web_Extension\\src\\services\\sync.service.ts": {"path":"C:\\Users\\kondu\\OneDrive\\Desktop\\B.TECH\\6 SEM\\Software Engineering\\Web_Extension\\src\\services\\sync.service.ts","statementMap":{"0":{"start":{"line":13,"column":14},"end":{"line":13,"column":null}},"1":{"start":{"line":13,"column":30},"end":{"line":13,"column":null}},"2":{"start":{"line":13,"column":53},"end":{"line":13,"column":76}},"3":{"start":{"line":17,"column":52},"end":{"line":17,"column":null}},"4":{"start":{"line":22,"column":8},"end":{"line":24,"column":null}},"5":{"start":{"line":23,"column":12},"end":{"line":23,"column":null}},"6":{"start":{"line":25,"column":8},"end":{"line":25,"column":null}},"7":{"start":{"line":37,"column":8},"end":{"line":64,"column":null}},"8":{"start":{"line":38,"column":12},"end":{"line":38,"column":null}},"9":{"start":{"line":39,"column":12},"end":{"line":39,"column":null}},"10":{"start":{"line":49,"column":12},"end":{"line":51,"column":null}},"11":{"start":{"line":50,"column":16},"end":{"line":50,"column":null}},"12":{"start":{"line":53,"column":12},"end":{"line":53,"column":null}},"13":{"start":{"line":55,"column":12},"end":{"line":59,"column":null}},"14":{"start":{"line":62,"column":12},"end":{"line":62,"column":null}},"15":{"start":{"line":63,"column":12},"end":{"line":63,"column":null}},"16":{"start":{"line":68,"column":8},"end":{"line":68,"column":null}},"17":{"start":{"line":69,"column":8},"end":{"line":69,"column":null}},"18":{"start":{"line":73,"column":8},"end":{"line":73,"column":null}},"19":{"start":{"line":74,"column":8},"end":{"line":74,"column":null}},"20":{"start":{"line":75,"column":8},"end":{"line":75,"column":null}},"21":{"start":{"line":79,"column":27},"end":{"line":79,"column":null}}},"fnMap":{"0":{"name":"(anonymous_0)","decl":{"start":{"line":13,"column":14},"end":{"line":13,"column":15}},"loc":{"start":{"line":13,"column":30},"end":{"line":13,"column":null}},"line":13},"1":{"name":"(anonymous_1)","decl":{"start":{"line":13,"column":42},"end":{"line":13,"column":53}},"loc":{"start":{"line":13,"column":53},"end":{"line":13,"column":76}},"line":13},"2":{"name":"(anonymous_2)","decl":{"start":{"line":19,"column":12},"end":{"line":19,"column":26}},"loc":{"start":{"line":19,"column":26},"end":{"line":19,"column":null}},"line":19},"3":{"name":"(anonymous_3)","decl":{"start":{"line":21,"column":18},"end":{"line":21,"column":45}},"loc":{"start":{"line":21,"column":45},"end":{"line":26,"column":null}},"line":21},"4":{"name":"(anonymous_4)","decl":{"start":{"line":33,"column":17},"end":{"line":33,"column":null}},"loc":{"start":{"line":36,"column":87},"end":{"line":65,"column":null}},"line":36},"5":{"name":"(anonymous_5)","decl":{"start":{"line":67,"column":17},"end":{"line":67,"column":29}},"loc":{"start":{"line":67,"column":70},"end":{"line":70,"column":null}},"line":67},"6":{"name":"(anonymous_6)","decl":{"start":{"line":72,"column":17},"end":{"line":72,"column":29}},"loc":{"start":{"line":72,"column":68},"end":{"line":76,"column":null}},"line":72}},"branchMap":{"0":{"loc":{"start":{"line":22,"column":8},"end":{"line":24,"column":null}},"type":"if","locations":[{"start":{"line":22,"column":8},"end":{"line":24,"column":null}},{"start":{},"end":{}}],"line":22},"1":{"loc":{"start":{"line":49,"column":12},"end":{"line":51,"column":null}},"type":"if","locations":[{"start":{"line":49,"column":12},"end":{"line":51,"column":null}},{"start":{},"end":{}}],"line":49}},"s":{"0":2,"1":8,"2":8,"3":2,"4":2,"5":2,"6":2,"7":8,"8":8,"9":8,"10":0,"11":0,"12":0,"13":0,"14":0,"15":0,"16":0,"17":0,"18":0,"19":0,"20":0,"21":2},"f":{"0":8,"1":8,"2":2,"3":2,"4":8,"5":0,"6":0},"b":{"0":[2,0],"1":[0,0]},"meta":{"lastBranch":2,"lastFunction":7,"lastStatement":22,"seen":{"s:13:14:13:Infinity":0,"f:13:14:13:15":0,"s:13:30:13:Infinity":1,"f:13:42:13:53":1,"s:13:53:13:76":2,"s:17:52:17:Infinity":3,"f:19:12:19:26":2,"f:21:18:21:45":3,"b:22:8:24:Infinity:undefined:undefined:undefined:undefined":0,"s:22:8:24:Infinity":4,"s:23:12:23:Infinity":5,"s:25:8:25:Infinity":6,"f:33:17:33:Infinity":4,"s:37:8:64:Infinity":7,"s:38:12:38:Infinity":8,"s:39:12:39:Infinity":9,"b:49:12:51:Infinity:undefined:undefined:undefined:undefined":1,"s:49:12:51:Infinity":10,"s:50:16:50:Infinity":11,"s:53:12:53:Infinity":12,"s:55:12:59:Infinity":13,"s:62:12:62:Infinity":14,"s:63:12:63:Infinity":15,"f:67:17:67:29":5,"s:68:8:68:Infinity":16,"s:69:8:69:Infinity":17,"f:72:17:72:29":6,"s:73:8:73:Infinity":18,"s:74:8:74:Infinity":19,"s:75:8:75:Infinity":20,"s:79:27:79:Infinity":21}}}
,"C:\\Users\\kondu\\OneDrive\\Desktop\\B.TECH\\6 SEM\\Software Engineering\\Web_Extension\\src\\store\\authStore.ts": {"path":"C:\\Users\\kondu\\OneDrive\\Desktop\\B.TECH\\6 SEM\\Software Engineering\\Web_Extension\\src\\store\\authStore.ts","statementMap":{"0":{"start":{"line":30,"column":13},"end":{"line":70,"column":null}},"1":{"start":{"line":32,"column":18},"end":{"line":59,"column":null}},"2":{"start":{"line":39,"column":63},"end":{"line":43,"column":null}},"3":{"start":{"line":45,"column":54},"end":{"line":48,"column":null}},"4":{"start":{"line":50,"column":26},"end":{"line":50,"column":null}},"5":{"start":{"line":52,"column":25},"end":{"line":58,"column":null}},"6":{"start":{"line":62,"column":45},"end":{"line":62,"column":57}},"7":{"start":{"line":63,"column":36},"end":{"line":67,"column":null}}},"fnMap":{"0":{"name":"(anonymous_0)","decl":{"start":{"line":32,"column":8},"end":{"line":32,"column":9}},"loc":{"start":{"line":32,"column":18},"end":{"line":59,"column":null}},"line":32},"1":{"name":"(anonymous_1)","decl":{"start":{"line":39,"column":27},"end":{"line":39,"column":28}},"loc":{"start":{"line":39,"column":63},"end":{"line":43,"column":null}},"line":39},"2":{"name":"(anonymous_2)","decl":{"start":{"line":45,"column":30},"end":{"line":45,"column":31}},"loc":{"start":{"line":45,"column":54},"end":{"line":48,"column":null}},"line":45},"3":{"name":"(anonymous_3)","decl":{"start":{"line":50,"column":20},"end":{"line":50,"column":26}},"loc":{"start":{"line":50,"column":26},"end":{"line":50,"column":null}},"line":50},"4":{"name":"(anonymous_4)","decl":{"start":{"line":52,"column":19},"end":{"line":52,"column":25}},"loc":{"start":{"line":52,"column":25},"end":{"line":58,"column":null}},"line":52},"5":{"name":"(anonymous_5)","decl":{"start":{"line":62,"column":39},"end":{"line":62,"column":45}},"loc":{"start":{"line":62,"column":45},"end":{"line":62,"column":57}},"line":62},"6":{"name":"(anonymous_6)","decl":{"start":{"line":63,"column":24},"end":{"line":63,"column":25}},"loc":{"start":{"line":63,"column":36},"end":{"line":67,"column":null}},"line":63}},"branchMap":{"0":{"loc":{"start":{"line":47,"column":31},"end":{"line":47,"column":null}},"type":"binary-expr","locations":[{"start":{"line":47,"column":31},"end":{"line":47,"column":38}},{"start":{"line":47,"column":38},"end":{"line":47,"column":null}}],"line":47}},"s":{"0":2,"1":2,"2":0,"3":0,"4":0,"5":0,"6":2,"7":0},"f":{"0":2,"1":0,"2":0,"3":0,"4":0,"5":2,"6":0},"b":{"0":[0,0]},"meta":{"lastBranch":1,"lastFunction":7,"lastStatement":8,"seen":{"s:30:13:70:Infinity":0,"f:32:8:32:9":0,"s:32:18:59:Infinity":1,"f:39:27:39:28":1,"s:39:63:43:Infinity":2,"f:45:30:45:31":2,"s:45:54:48:Infinity":3,"b:47:31:47:38:47:38:47:Infinity":0,"f:50:20:50:26":3,"s:50:26:50:Infinity":4,"f:52:19:52:25":4,"s:52:25:58:Infinity":5,"f:62:39:62:45":5,"s:62:45:62:57":6,"f:63:24:63:25":6,"s:63:36:67:Infinity":7}}}
,"C:\\Users\\kondu\\OneDrive\\Desktop\\B.TECH\\6 SEM\\Software Engineering\\Web_Extension\\src\\store\\vaultStore.ts": {"path":"C:\\Users\\kondu\\OneDrive\\Desktop\\B.TECH\\6 SEM\\Software Engineering\\Web_Extension\\src\\store\\vaultStore.ts","statementMap":{"0":{"start":{"line":36,"column":25},"end":{"line":44,"column":null}},"1":{"start":{"line":37,"column":16},"end":{"line":37,"column":null}},"2":{"start":{"line":38,"column":4},"end":{"line":43,"column":null}},"3":{"start":{"line":39,"column":8},"end":{"line":39,"column":null}},"4":{"start":{"line":40,"column":8},"end":{"line":40,"column":null}},"5":{"start":{"line":42,"column":8},"end":{"line":42,"column":null}},"6":{"start":{"line":58,"column":13},"end":{"line":159,"column":null}},"7":{"start":{"line":60,"column":23},"end":{"line":147,"column":null}},"8":{"start":{"line":67,"column":38},"end":{"line":72,"column":null}},"9":{"start":{"line":74,"column":16},"end":{"line":77,"column":null}},"10":{"start":{"line":74,"column":32},"end":{"line":77,"column":18}},"11":{"start":{"line":80,"column":16},"end":{"line":80,"column":null}},"12":{"start":{"line":83,"column":16},"end":{"line":83,"column":null}},"13":{"start":{"line":87,"column":16},"end":{"line":92,"column":null}},"14":{"start":{"line":87,"column":32},"end":{"line":92,"column":18}},"15":{"start":{"line":89,"column":24},"end":{"line":89,"column":null}},"16":{"start":{"line":94,"column":16},"end":{"line":94,"column":null}},"17":{"start":{"line":95,"column":16},"end":{"line":95,"column":null}},"18":{"start":{"line":99,"column":16},"end":{"line":102,"column":null}},"19":{"start":{"line":99,"column":32},"end":{"line":102,"column":18}},"20":{"start":{"line":100,"column":65},"end":{"line":100,"column":76}},"21":{"start":{"line":104,"column":16},"end":{"line":104,"column":null}},"22":{"start":{"line":105,"column":16},"end":{"line":105,"column":null}},"23":{"start":{"line":108,"column":39},"end":{"line":108,"column":null}},"24":{"start":{"line":110,"column":35},"end":{"line":110,"column":null}},"25":{"start":{"line":112,"column":30},"end":{"line":112,"column":null}},"26":{"start":{"line":114,"column":45},"end":{"line":114,"column":null}},"27":{"start":{"line":117,"column":67},"end":{"line":117,"column":null}},"28":{"start":{"line":119,"column":16},"end":{"line":135,"column":null}},"29":{"start":{"line":120,"column":20},"end":{"line":120,"column":null}},"30":{"start":{"line":121,"column":35},"end":{"line":121,"column":null}},"31":{"start":{"line":123,"column":20},"end":{"line":131,"column":null}},"32":{"start":{"line":124,"column":24},"end":{"line":128,"column":null}},"33":{"start":{"line":129,"column":20},"end":{"line":131,"column":null}},"34":{"start":{"line":130,"column":24},"end":{"line":130,"column":null}},"35":{"start":{"line":133,"column":20},"end":{"line":133,"column":null}},"36":{"start":{"line":134,"column":20},"end":{"line":134,"column":null}},"37":{"start":{"line":139,"column":16},"end":{"line":144,"column":null}},"38":{"start":{"line":145,"column":16},"end":{"line":145,"column":null}},"39":{"start":{"line":150,"column":45},"end":{"line":150,"column":57}},"40":{"start":{"line":151,"column":36},"end":{"line":156,"column":null}},"41":{"start":{"line":163,"column":18},"end":{"line":163,"column":null}},"42":{"start":{"line":164,"column":4},"end":{"line":164,"column":null}},"43":{"start":{"line":164,"column":37},"end":{"line":164,"column":63}}},"fnMap":{"0":{"name":"(anonymous_0)","decl":{"start":{"line":36,"column":25},"end":{"line":36,"column":32}},"loc":{"start":{"line":36,"column":62},"end":{"line":44,"column":null}},"line":36},"1":{"name":"(anonymous_1)","decl":{"start":{"line":60,"column":8},"end":{"line":60,"column":9}},"loc":{"start":{"line":60,"column":23},"end":{"line":147,"column":null}},"line":60},"2":{"name":"(anonymous_2)","decl":{"start":{"line":66,"column":27},"end":{"line":66,"column":34}},"loc":{"start":{"line":66,"column":49},"end":{"line":84,"column":null}},"line":66},"3":{"name":"(anonymous_3)","decl":{"start":{"line":74,"column":20},"end":{"line":74,"column":21}},"loc":{"start":{"line":74,"column":32},"end":{"line":77,"column":18}},"line":74},"4":{"name":"(anonymous_4)","decl":{"start":{"line":86,"column":30},"end":{"line":86,"column":37}},"loc":{"start":{"line":86,"column":53},"end":{"line":96,"column":null}},"line":86},"5":{"name":"(anonymous_5)","decl":{"start":{"line":87,"column":20},"end":{"line":87,"column":21}},"loc":{"start":{"line":87,"column":32},"end":{"line":92,"column":18}},"line":87},"6":{"name":"(anonymous_6)","decl":{"start":{"line":88,"column":55},"end":{"line":88,"column":56}},"loc":{"start":{"line":89,"column":24},"end":{"line":89,"column":null}},"line":89},"7":{"name":"(anonymous_7)","decl":{"start":{"line":98,"column":30},"end":{"line":98,"column":37}},"loc":{"start":{"line":98,"column":44},"end":{"line":106,"column":null}},"line":98},"8":{"name":"(anonymous_8)","decl":{"start":{"line":99,"column":20},"end":{"line":99,"column":21}},"loc":{"start":{"line":99,"column":32},"end":{"line":102,"column":18}},"line":99},"9":{"name":"(anonymous_9)","decl":{"start":{"line":100,"column":58},"end":{"line":100,"column":59}},"loc":{"start":{"line":100,"column":65},"end":{"line":100,"column":76}},"line":100},"10":{"name":"(anonymous_10)","decl":{"start":{"line":108,"column":27},"end":{"line":108,"column":28}},"loc":{"start":{"line":108,"column":39},"end":{"line":108,"column":null}},"line":108},"11":{"name":"(anonymous_11)","decl":{"start":{"line":110,"column":23},"end":{"line":110,"column":24}},"loc":{"start":{"line":110,"column":35},"end":{"line":110,"column":null}},"line":110},"12":{"name":"(anonymous_12)","decl":{"start":{"line":112,"column":24},"end":{"line":112,"column":30}},"loc":{"start":{"line":112,"column":30},"end":{"line":112,"column":null}},"line":112},"13":{"name":"(anonymous_13)","decl":{"start":{"line":114,"column":28},"end":{"line":114,"column":29}},"loc":{"start":{"line":114,"column":45},"end":{"line":114,"column":null}},"line":114},"14":{"name":"(anonymous_14)","decl":{"start":{"line":116,"column":23},"end":{"line":116,"column":35}},"loc":{"start":{"line":116,"column":35},"end":{"line":136,"column":null}},"line":116},"15":{"name":"(anonymous_15)","decl":{"start":{"line":138,"column":19},"end":{"line":138,"column":25}},"loc":{"start":{"line":138,"column":25},"end":{"line":146,"column":null}},"line":138},"16":{"name":"(anonymous_16)","decl":{"start":{"line":150,"column":39},"end":{"line":150,"column":45}},"loc":{"start":{"line":150,"column":45},"end":{"line":150,"column":57}},"line":150},"17":{"name":"(anonymous_17)","decl":{"start":{"line":151,"column":24},"end":{"line":151,"column":25}},"loc":{"start":{"line":151,"column":36},"end":{"line":156,"column":null}},"line":151},"18":{"name":"getCredentialsByURL","decl":{"start":{"line":162,"column":16},"end":{"line":162,"column":36}},"loc":{"start":{"line":162,"column":63},"end":{"line":165,"column":null}},"line":162},"19":{"name":"(anonymous_19)","decl":{"start":{"line":164,"column":36},"end":{"line":164,"column":37}},"loc":{"start":{"line":164,"column":37},"end":{"line":164,"column":63}},"line":164}},"branchMap":{"0":{"loc":{"start":{"line":38,"column":4},"end":{"line":43,"column":null}},"type":"if","locations":[{"start":{"line":38,"column":4},"end":{"line":43,"column":null}},{"start":{"line":41,"column":11},"end":{"line":43,"column":null}}],"line":38},"1":{"loc":{"start":{"line":89,"column":24},"end":{"line":89,"column":null}},"type":"cond-expr","locations":[{"start":{"line":89,"column":38},"end":{"line":89,"column":117}},{"start":{"line":89,"column":117},"end":{"line":89,"column":null}}],"line":89},"2":{"loc":{"start":{"line":89,"column":93},"end":{"line":89,"column":111}},"type":"binary-expr","locations":[{"start":{"line":89,"column":93},"end":{"line":89,"column":106}},{"start":{"line":89,"column":106},"end":{"line":89,"column":111}}],"line":89},"3":{"loc":{"start":{"line":121,"column":78},"end":{"line":121,"column":93}},"type":"binary-expr","locations":[{"start":{"line":121,"column":78},"end":{"line":121,"column":92}},{"start":{"line":121,"column":92},"end":{"line":121,"column":93}}],"line":121},"4":{"loc":{"start":{"line":123,"column":20},"end":{"line":131,"column":null}},"type":"if","locations":[{"start":{"line":123,"column":20},"end":{"line":131,"column":null}},{"start":{"line":129,"column":20},"end":{"line":131,"column":null}}],"line":123},"5":{"loc":{"start":{"line":123,"column":24},"end":{"line":123,"column":72}},"type":"binary-expr","locations":[{"start":{"line":123,"column":24},"end":{"line":123,"column":54}},{"start":{"line":123,"column":54},"end":{"line":123,"column":72}}],"line":123},"6":{"loc":{"start":{"line":129,"column":20},"end":{"line":131,"column":null}},"type":"if","locations":[{"start":{"line":129,"column":20},"end":{"line":131,"column":null}},{"start":{},"end":{}}],"line":129}},"s":{"0":2,"1":8,"2":8,"3":0,"4":0,"5":8,"6":2,"7":2,"8":6,"9":6,"10":6,"11":6,"12":6,"13":1,"14":1,"15":1,"16":1,"17":1,"18":1,"19":1,"20":1,"21":1,"22":1,"23":8,"24":0,"25":0,"26":0,"27":8,"28":8,"29":8,"30":8,"31":0,"32":0,"33":0,"34":0,"35":0,"36":0,"37":6,"38":6,"39":2,"40":22,"41":0,"42":0,"43":0},"f":{"0":8,"1":2,"2":6,"3":6,"4":1,"5":1,"6":1,"7":1,"8":1,"9":1,"10":8,"11":0,"12":0,"13":0,"14":8,"15":6,"16":2,"17":22,"18":0,"19":0},"b":{"0":[0,8],"1":[1,0],"2":[1,0],"3":[8,0],"4":[0,0],"5":[0,0],"6":[0,0]},"meta":{"lastBranch":7,"lastFunction":20,"lastStatement":44,"seen":{"s:36:25:44:Infinity":0,"f:36:25:36:32":0,"s:37:16:37:Infinity":1,"b:38:4:43:Infinity:41:11:43:Infinity":0,"s:38:4:43:Infinity":2,"s:39:8:39:Infinity":3,"s:40:8:40:Infinity":4,"s:42:8:42:Infinity":5,"s:58:13:159:Infinity":6,"f:60:8:60:9":1,"s:60:23:147:Infinity":7,"f:66:27:66:34":2,"s:67:38:72:Infinity":8,"s:74:16:77:Infinity":9,"f:74:20:74:21":3,"s:74:32:77:18":10,"s:80:16:80:Infinity":11,"s:83:16:83:Infinity":12,"f:86:30:86:37":4,"s:87:16:92:Infinity":13,"f:87:20:87:21":5,"s:87:32:92:18":14,"f:88:55:88:56":6,"s:89:24:89:Infinity":15,"b:89:38:89:117:89:117:89:Infinity":1,"b:89:93:89:106:89:106:89:111":2,"s:94:16:94:Infinity":16,"s:95:16:95:Infinity":17,"f:98:30:98:37":7,"s:99:16:102:Infinity":18,"f:99:20:99:21":8,"s:99:32:102:18":19,"f:100:58:100:59":9,"s:100:65:100:76":20,"s:104:16:104:Infinity":21,"s:105:16:105:Infinity":22,"f:108:27:108:28":10,"s:108:39:108:Infinity":23,"f:110:23:110:24":11,"s:110:35:110:Infinity":24,"f:112:24:112:30":12,"s:112:30:112:Infinity":25,"f:114:28:114:29":13,"s:114:45:114:Infinity":26,"f:116:23:116:35":14,"s:117:67:117:Infinity":27,"s:119:16:135:Infinity":28,"s:120:20:120:Infinity":29,"s:121:35:121:Infinity":30,"b:121:78:121:92:121:92:121:93":3,"b:123:20:131:Infinity:129:20:131:Infinity":4,"s:123:20:131:Infinity":31,"b:123:24:123:54:123:54:123:72":5,"s:124:24:128:Infinity":32,"b:129:20:131:Infinity:undefined:undefined:undefined:undefined":6,"s:129:20:131:Infinity":33,"s:130:24:130:Infinity":34,"s:133:20:133:Infinity":35,"s:134:20:134:Infinity":36,"f:138:19:138:25":15,"s:139:16:144:Infinity":37,"s:145:16:145:Infinity":38,"f:150:39:150:45":16,"s:150:45:150:57":39,"f:151:24:151:25":17,"s:151:36:156:Infinity":40,"f:162:16:162:36":18,"s:163:18:163:Infinity":41,"s:164:4:164:Infinity":42,"f:164:36:164:37":19,"s:164:37:164:63":43}}}
,"C:\\Users\\kondu\\OneDrive\\Desktop\\B.TECH\\6 SEM\\Software Engineering\\Web_Extension\\src\\utils\\crypto.ts": {"path":"C:\\Users\\kondu\\OneDrive\\Desktop\\B.TECH\\6 SEM\\Software Engineering\\Web_Extension\\src\\utils\\crypto.ts","statementMap":{"0":{"start":{"line":8,"column":28},"end":{"line":11,"column":null}},"1":{"start":{"line":9,"column":17},"end":{"line":9,"column":null}},"2":{"start":{"line":10,"column":4},"end":{"line":10,"column":null}},"3":{"start":{"line":14,"column":31},"end":{"line":40,"column":null}},"4":{"start":{"line":15,"column":16},"end":{"line":15,"column":null}},"5":{"start":{"line":16,"column":24},"end":{"line":22,"column":null}},"6":{"start":{"line":24,"column":16},"end":{"line":35,"column":null}},"7":{"start":{"line":27,"column":51},"end":{"line":27,"column":66}},"8":{"start":{"line":38,"column":21},"end":{"line":38,"column":null}},"9":{"start":{"line":39,"column":4},"end":{"line":39,"column":null}},"10":{"start":{"line":43,"column":18},"end":{"line":52,"column":null}},"11":{"start":{"line":44,"column":16},"end":{"line":44,"column":null}},"12":{"start":{"line":45,"column":4},"end":{"line":51,"column":null}},"13":{"start":{"line":55,"column":32},"end":{"line":75,"column":null}},"14":{"start":{"line":56,"column":16},"end":{"line":56,"column":null}},"15":{"start":{"line":57,"column":15},"end":{"line":57,"column":null}},"16":{"start":{"line":58,"column":16},"end":{"line":58,"column":null}},"17":{"start":{"line":60,"column":22},"end":{"line":67,"column":null}},"18":{"start":{"line":70,"column":21},"end":{"line":70,"column":null}},"19":{"start":{"line":71,"column":4},"end":{"line":71,"column":null}},"20":{"start":{"line":72,"column":4},"end":{"line":72,"column":null}},"21":{"start":{"line":74,"column":4},"end":{"line":74,"column":null}},"22":{"start":{"line":78,"column":32},"end":{"line":96,"column":null}},"23":{"start":{"line":79,"column":16},"end":{"line":79,"column":null}},"24":{"start":{"line":81,"column":21},"end":{"line":81,"column":null}},"25":{"start":{"line":81,"column":63},"end":{"line":81,"column":78}},"26":{"start":{"line":82,"column":15},"end":{"line":82,"column":null}},"27":{"start":{"line":83,"column":17},"end":{"line":83,"column":null}},"28":{"start":{"line":85,"column":22},"end":{"line":92,"column":null}},"29":{"start":{"line":94,"column":16},"end":{"line":94,"column":null}},"30":{"start":{"line":95,"column":4},"end":{"line":95,"column":null}},"31":{"start":{"line":98,"column":38},"end":{"line":127,"column":null}},"32":{"start":{"line":104,"column":20},"end":{"line":109,"column":null}},"33":{"start":{"line":111,"column":21},"end":{"line":111,"column":null}},"34":{"start":{"line":112,"column":4},"end":{"line":112,"column":null}},"35":{"start":{"line":112,"column":27},"end":{"line":112,"column":null}},"36":{"start":{"line":113,"column":4},"end":{"line":113,"column":null}},"37":{"start":{"line":113,"column":27},"end":{"line":113,"column":null}},"38":{"start":{"line":114,"column":4},"end":{"line":114,"column":null}},"39":{"start":{"line":114,"column":25},"end":{"line":114,"column":null}},"40":{"start":{"line":115,"column":4},"end":{"line":115,"column":null}},"41":{"start":{"line":115,"column":25},"end":{"line":115,"column":null}},"42":{"start":{"line":117,"column":4},"end":{"line":117,"column":null}},"43":{"start":{"line":117,"column":33},"end":{"line":117,"column":null}},"44":{"start":{"line":119,"column":19},"end":{"line":119,"column":null}},"45":{"start":{"line":120,"column":25},"end":{"line":120,"column":null}},"46":{"start":{"line":121,"column":4},"end":{"line":121,"column":null}},"47":{"start":{"line":123,"column":4},"end":{"line":125,"column":null}},"48":{"start":{"line":123,"column":17},"end":{"line":123,"column":20}},"49":{"start":{"line":124,"column":8},"end":{"line":124,"column":null}},"50":{"start":{"line":126,"column":4},"end":{"line":126,"column":null}}},"fnMap":{"0":{"name":"(anonymous_0)","decl":{"start":{"line":8,"column":28},"end":{"line":8,"column":42}},"loc":{"start":{"line":8,"column":42},"end":{"line":11,"column":null}},"line":8},"1":{"name":"(anonymous_1)","decl":{"start":{"line":14,"column":31},"end":{"line":14,"column":38}},"loc":{"start":{"line":14,"column":90},"end":{"line":40,"column":null}},"line":14},"2":{"name":"(anonymous_2)","decl":{"start":{"line":27,"column":46},"end":{"line":27,"column":51}},"loc":{"start":{"line":27,"column":51},"end":{"line":27,"column":66}},"line":27},"3":{"name":"(anonymous_3)","decl":{"start":{"line":43,"column":18},"end":{"line":43,"column":25}},"loc":{"start":{"line":43,"column":67},"end":{"line":52,"column":null}},"line":43},"4":{"name":"(anonymous_4)","decl":{"start":{"line":55,"column":32},"end":{"line":55,"column":39}},"loc":{"start":{"line":55,"column":92},"end":{"line":75,"column":null}},"line":55},"5":{"name":"(anonymous_5)","decl":{"start":{"line":78,"column":32},"end":{"line":78,"column":39}},"loc":{"start":{"line":78,"column":101},"end":{"line":96,"column":null}},"line":78},"6":{"name":"(anonymous_6)","decl":{"start":{"line":81,"column":58},"end":{"line":81,"column":63}},"loc":{"start":{"line":81,"column":63},"end":{"line":81,"column":78}},"line":81},"7":{"name":"(anonymous_7)","decl":{"start":{"line":98,"column":38},"end":{"line":98,"column":39}},"loc":{"start":{"line":103,"column":14},"end":{"line":127,"column":null}},"line":103}},"branchMap":{"0":{"loc":{"start":{"line":112,"column":4},"end":{"line":112,"column":null}},"type":"if","locations":[{"start":{"line":112,"column":4},"end":{"line":112,"column":null}},{"start":{},"end":{}}],"line":112},"1":{"loc":{"start":{"line":113,"column":4},"end":{"line":113,"column":null}},"type":"if","locations":[{"start":{"line":113,"column":4},"end":{"line":113,"column":null}},{"start":{},"end":{}}],"line":113},"2":{"loc":{"start":{"line":114,"column":4},"end":{"line":114,"column":null}},"type":"if","locations":[{"start":{"line":114,"column":4},"end":{"line":114,"column":null}},{"start":{},"end":{}}],"line":114},"3":{"loc":{"start":{"line":115,"column":4},"end":{"line":115,"column":null}},"type":"if","locations":[{"start":{"line":115,"column":4},"end":{"line":115,"column":null}},{"start":{},"end":{}}],"line":115},"4":{"loc":{"start":{"line":117,"column":4},"end":{"line":117,"column":null}},"type":"if","locations":[{"start":{"line":117,"column":4},"end":{"line":117,"column":null}},{"start":{},"end":{}}],"line":117}},"s":{"0":2,"1":0,"2":0,"3":2,"4":0,"5":0,"6":0,"7":0,"8":0,"9":0,"10":2,"11":0,"12":0,"13":2,"14":0,"15":0,"16":0,"17":0,"18":0,"19":0,"20":0,"21":0,"22":2,"23":0,"24":0,"25":0,"26":0,"27":0,"28":0,"29":0,"30":0,"31":2,"32":0,"33":0,"34":0,"35":0,"36":0,"37":0,"38":0,"39":0,"40":0,"41":0,"42":0,"43":0,"44":0,"45":0,"46":0,"47":0,"48":0,"49":0,"50":0},"f":{"0":0,"1":0,"2":0,"3":0,"4":0,"5":0,"6":0,"7":0},"b":{"0":[0,0],"1":[0,0],"2":[0,0],"3":[0,0],"4":[0,0]},"meta":{"lastBranch":5,"lastFunction":8,"lastStatement":51,"seen":{"s:8:28:11:Infinity":0,"f:8:28:8:42":0,"s:9:17:9:Infinity":1,"s:10:4:10:Infinity":2,"s:14:31:40:Infinity":3,"f:14:31:14:38":1,"s:15:16:15:Infinity":4,"s:16:24:22:Infinity":5,"s:24:16:35:Infinity":6,"f:27:46:27:51":2,"s:27:51:27:66":7,"s:38:21:38:Infinity":8,"s:39:4:39:Infinity":9,"s:43:18:52:Infinity":10,"f:43:18:43:25":3,"s:44:16:44:Infinity":11,"s:45:4:51:Infinity":12,"s:55:32:75:Infinity":13,"f:55:32:55:39":4,"s:56:16:56:Infinity":14,"s:57:15:57:Infinity":15,"s:58:16:58:Infinity":16,"s:60:22:67:Infinity":17,"s:70:21:70:Infinity":18,"s:71:4:71:Infinity":19,"s:72:4:72:Infinity":20,"s:74:4:74:Infinity":21,"s:78:32:96:Infinity":22,"f:78:32:78:39":5,"s:79:16:79:Infinity":23,"s:81:21:81:Infinity":24,"f:81:58:81:63":6,"s:81:63:81:78":25,"s:82:15:82:Infinity":26,"s:83:17:83:Infinity":27,"s:85:22:92:Infinity":28,"s:94:16:94:Infinity":29,"s:95:4:95:Infinity":30,"s:98:38:127:Infinity":31,"f:98:38:98:39":7,"s:104:20:109:Infinity":32,"s:111:21:111:Infinity":33,"b:112:4:112:Infinity:undefined:undefined:undefined:undefined":0,"s:112:4:112:Infinity":34,"s:112:27:112:Infinity":35,"b:113:4:113:Infinity:undefined:undefined:undefined:undefined":1,"s:113:4:113:Infinity":36,"s:113:27:113:Infinity":37,"b:114:4:114:Infinity:undefined:undefined:undefined:undefined":2,"s:114:4:114:Infinity":38,"s:114:25:114:Infinity":39,"b:115:4:115:Infinity:undefined:undefined:undefined:undefined":3,"s:115:4:115:Infinity":40,"s:115:25:115:Infinity":41,"b:117:4:117:Infinity:undefined:undefined:undefined:undefined":4,"s:117:4:117:Infinity":42,"s:117:33:117:Infinity":43,"s:119:19:119:Infinity":44,"s:120:25:120:Infinity":45,"s:121:4:121:Infinity":46,"s:123:4:125:Infinity":47,"s:123:17:123:20":48,"s:124:8:124:Infinity":49,"s:126:4:126:Infinity":50}}}
,"C:\\Users\\kondu\\OneDrive\\Desktop\\B.TECH\\6 SEM\\Software Engineering\\Web_Extension\\src\\utils\\formDetector.ts": {"path":"C:\\Users\\kondu\\OneDrive\\Desktop\\B.TECH\\6 SEM\\Software Engineering\\Web_Extension\\src\\utils\\formDetector.ts","statementMap":{"0":{"start":{"line":22,"column":18},"end":{"line":22,"column":null}},"1":{"start":{"line":23,"column":36},"end":{"line":23,"column":null}},"2":{"start":{"line":25,"column":4},"end":{"line":38,"column":null}},"3":{"start":{"line":26,"column":30},"end":{"line":26,"column":null}},"4":{"start":{"line":28,"column":8},"end":{"line":37,"column":null}},"5":{"start":{"line":29,"column":34},"end":{"line":29,"column":null}},"6":{"start":{"line":31,"column":12},"end":{"line":36,"column":null}},"7":{"start":{"line":40,"column":4},"end":{"line":40,"column":null}},"8":{"start":{"line":51,"column":19},"end":{"line":51,"column":null}},"9":{"start":{"line":52,"column":26},"end":{"line":52,"column":null}},"10":{"start":{"line":55,"column":4},"end":{"line":70,"column":null}},"11":{"start":{"line":55,"column":17},"end":{"line":55,"column":36}},"12":{"start":{"line":56,"column":22},"end":{"line":56,"column":null}},"13":{"start":{"line":57,"column":21},"end":{"line":57,"column":null}},"14":{"start":{"line":60,"column":8},"end":{"line":69,"column":null}},"15":{"start":{"line":68,"column":12},"end":{"line":68,"column":null}},"16":{"start":{"line":72,"column":4},"end":{"line":72,"column":null}},"17":{"start":{"line":79,"column":50},"end":{"line":79,"column":null}},"18":{"start":{"line":81,"column":21},"end":{"line":81,"column":null}},"19":{"start":{"line":82,"column":21},"end":{"line":82,"column":null}},"20":{"start":{"line":85,"column":4},"end":{"line":87,"column":null}},"21":{"start":{"line":86,"column":8},"end":{"line":86,"column":null}},"22":{"start":{"line":89,"column":4},"end":{"line":95,"column":null}},"23":{"start":{"line":105,"column":45},"end":{"line":105,"column":null}},"24":{"start":{"line":107,"column":4},"end":{"line":112,"column":null}},"25":{"start":{"line":108,"column":8},"end":{"line":108,"column":null}},"26":{"start":{"line":110,"column":8},"end":{"line":110,"column":null}},"27":{"start":{"line":111,"column":8},"end":{"line":111,"column":null}},"28":{"start":{"line":114,"column":4},"end":{"line":114,"column":null}},"29":{"start":{"line":115,"column":4},"end":{"line":115,"column":null}},"30":{"start":{"line":116,"column":4},"end":{"line":116,"column":null}},"31":{"start":{"line":123,"column":21},"end":{"line":123,"column":null}},"32":{"start":{"line":124,"column":23},"end":{"line":124,"column":null}},"33":{"start":{"line":130,"column":4},"end":{"line":135,"column":null}},"34":{"start":{"line":134,"column":8},"end":{"line":134,"column":null}},"35":{"start":{"line":139,"column":22},"end":{"line":139,"column":null}},"36":{"start":{"line":140,"column":4},"end":{"line":145,"column":null}},"37":{"start":{"line":141,"column":24},"end":{"line":141,"column":null}},"38":{"start":{"line":142,"column":8},"end":{"line":144,"column":null}},"39":{"start":{"line":143,"column":12},"end":{"line":143,"column":null}},"40":{"start":{"line":147,"column":4},"end":{"line":147,"column":null}},"41":{"start":{"line":155,"column":21},"end":{"line":171,"column":null}},"42":{"start":{"line":156,"column":26},"end":{"line":156,"column":null}},"43":{"start":{"line":158,"column":8},"end":{"line":163,"column":null}},"44":{"start":{"line":159,"column":12},"end":{"line":162,"column":null}},"45":{"start":{"line":160,"column":16},"end":{"line":160,"column":null}},"46":{"start":{"line":161,"column":16},"end":{"line":161,"column":null}},"47":{"start":{"line":165,"column":8},"end":{"line":170,"column":null}},"48":{"start":{"line":166,"column":26},"end":{"line":166,"column":null}},"49":{"start":{"line":167,"column":12},"end":{"line":169,"column":null}},"50":{"start":{"line":168,"column":16},"end":{"line":168,"column":null}},"51":{"start":{"line":173,"column":4},"end":{"line":176,"column":null}},"52":{"start":{"line":178,"column":4},"end":{"line":178,"column":null}}},"fnMap":{"0":{"name":"detectLoginForms","decl":{"start":{"line":21,"column":16},"end":{"line":21,"column":48}},"loc":{"start":{"line":21,"column":48},"end":{"line":41,"column":null}},"line":21},"1":{"name":"(anonymous_1)","decl":{"start":{"line":25,"column":18},"end":{"line":25,"column":19}},"loc":{"start":{"line":25,"column":28},"end":{"line":38,"column":5}},"line":25},"2":{"name":"findUsernameField","decl":{"start":{"line":47,"column":9},"end":{"line":47,"column":null}},"loc":{"start":{"line":50,"column":27},"end":{"line":73,"column":null}},"line":50},"3":{"name":"extractFormCredentials","decl":{"start":{"line":78,"column":16},"end":{"line":78,"column":39}},"loc":{"start":{"line":78,"column":85},"end":{"line":96,"column":null}},"line":78},"4":{"name":"fillForm","decl":{"start":{"line":101,"column":16},"end":{"line":101,"column":null}},"loc":{"start":{"line":104,"column":8},"end":{"line":117,"column":null}},"line":104},"5":{"name":"isLoginForm","decl":{"start":{"line":122,"column":16},"end":{"line":122,"column":28}},"loc":{"start":{"line":122,"column":60},"end":{"line":148,"column":null}},"line":122},"6":{"name":"observeForForms","decl":{"start":{"line":154,"column":16},"end":{"line":154,"column":32}},"loc":{"start":{"line":154,"column":90},"end":{"line":179,"column":null}},"line":154},"7":{"name":"(anonymous_7)","decl":{"start":{"line":155,"column":42},"end":{"line":155,"column":43}},"loc":{"start":{"line":155,"column":57},"end":{"line":171,"column":5}},"line":155}},"branchMap":{"0":{"loc":{"start":{"line":28,"column":8},"end":{"line":37,"column":null}},"type":"if","locations":[{"start":{"line":28,"column":8},"end":{"line":37,"column":null}},{"start":{},"end":{}}],"line":28},"1":{"loc":{"start":{"line":60,"column":8},"end":{"line":69,"column":null}},"type":"if","locations":[{"start":{"line":60,"column":8},"end":{"line":69,"column":null}},{"start":{},"end":{}}],"line":60},"2":{"loc":{"start":{"line":61,"column":12},"end":{"line":66,"column":null}},"type":"binary-expr","locations":[{"start":{"line":61,"column":12},"end":{"line":61,"column":null}},{"start":{"line":62,"column":12},"end":{"line":62,"column":null}},{"start":{"line":63,"column":12},"end":{"line":63,"column":null}},{"start":{"line":64,"column":12},"end":{"line":64,"column":null}},{"start":{"line":65,"column":12},"end":{"line":65,"column":null}},{"start":{"line":66,"column":12},"end":{"line":66,"column":null}}],"line":61},"3":{"loc":{"start":{"line":82,"column":21},"end":{"line":82,"column":null}},"type":"binary-expr","locations":[{"start":{"line":82,"column":21},"end":{"line":82,"column":45}},{"start":{"line":82,"column":45},"end":{"line":82,"column":null}}],"line":82},"4":{"loc":{"start":{"line":85,"column":4},"end":{"line":87,"column":null}},"type":"if","locations":[{"start":{"line":85,"column":4},"end":{"line":87,"column":null}},{"start":{},"end":{}}],"line":85},"5":{"loc":{"start":{"line":93,"column":27},"end":{"line":93,"column":null}},"type":"binary-expr","locations":[{"start":{"line":93,"column":27},"end":{"line":93,"column":50}},{"start":{"line":93,"column":50},"end":{"line":93,"column":71}},{"start":{"line":93,"column":71},"end":{"line":93,"column":null}}],"line":93},"6":{"loc":{"start":{"line":94,"column":27},"end":{"line":94,"column":null}},"type":"binary-expr","locations":[{"start":{"line":94,"column":27},"end":{"line":94,"column":49}},{"start":{"line":94,"column":49},"end":{"line":94,"column":69}},{"start":{"line":94,"column":69},"end":{"line":94,"column":null}}],"line":94},"7":{"loc":{"start":{"line":107,"column":4},"end":{"line":112,"column":null}},"type":"if","locations":[{"start":{"line":107,"column":4},"end":{"line":112,"column":null}},{"start":{},"end":{}}],"line":107},"8":{"loc":{"start":{"line":123,"column":21},"end":{"line":123,"column":null}},"type":"binary-expr","locations":[{"start":{"line":123,"column":21},"end":{"line":123,"column":56}},{"start":{"line":123,"column":56},"end":{"line":123,"column":null}}],"line":123},"9":{"loc":{"start":{"line":130,"column":4},"end":{"line":135,"column":null}},"type":"if","locations":[{"start":{"line":130,"column":4},"end":{"line":135,"column":null}},{"start":{},"end":{}}],"line":130},"10":{"loc":{"start":{"line":131,"column":8},"end":{"line":132,"column":null}},"type":"binary-expr","locations":[{"start":{"line":131,"column":8},"end":{"line":131,"column":null}},{"start":{"line":132,"column":8},"end":{"line":132,"column":null}}],"line":131},"11":{"loc":{"start":{"line":140,"column":4},"end":{"line":145,"column":null}},"type":"if","locations":[{"start":{"line":140,"column":4},"end":{"line":145,"column":null}},{"start":{},"end":{}}],"line":140},"12":{"loc":{"start":{"line":141,"column":24},"end":{"line":141,"column":null}},"type":"binary-expr","locations":[{"start":{"line":141,"column":24},"end":{"line":141,"column":65}},{"start":{"line":141,"column":65},"end":{"line":141,"column":120}},{"start":{"line":141,"column":120},"end":{"line":141,"column":null}}],"line":141},"13":{"loc":{"start":{"line":142,"column":8},"end":{"line":144,"column":null}},"type":"if","locations":[{"start":{"line":142,"column":8},"end":{"line":144,"column":null}},{"start":{},"end":{}}],"line":142},"14":{"loc":{"start":{"line":142,"column":12},"end":{"line":142,"column":111}},"type":"binary-expr","locations":[{"start":{"line":142,"column":12},"end":{"line":142,"column":43}},{"start":{"line":142,"column":43},"end":{"line":142,"column":81}},{"start":{"line":142,"column":81},"end":{"line":142,"column":111}}],"line":142},"15":{"loc":{"start":{"line":159,"column":12},"end":{"line":162,"column":null}},"type":"if","locations":[{"start":{"line":159,"column":12},"end":{"line":162,"column":null}},{"start":{},"end":{}}],"line":159},"16":{"loc":{"start":{"line":165,"column":8},"end":{"line":170,"column":null}},"type":"if","locations":[{"start":{"line":165,"column":8},"end":{"line":170,"column":null}},{"start":{},"end":{}}],"line":165},"17":{"loc":{"start":{"line":167,"column":12},"end":{"line":169,"column":null}},"type":"if","locations":[{"start":{"line":167,"column":12},"end":{"line":169,"column":null}},{"start":{},"end":{}}],"line":167}},"s":{"0":2,"1":2,"2":2,"3":2,"4":2,"5":1,"6":1,"7":2,"8":1,"9":1,"10":1,"11":1,"12":1,"13":1,"14":1,"15":1,"16":0,"17":0,"18":0,"19":0,"20":0,"21":0,"22":0,"23":0,"24":0,"25":0,"26":0,"27":0,"28":0,"29":0,"30":0,"31":2,"32":2,"33":2,"34":0,"35":2,"36":2,"37":2,"38":2,"39":1,"40":1,"41":0,"42":0,"43":0,"44":0,"45":0,"46":0,"47":0,"48":0,"49":0,"50":0,"51":0,"52":0},"f":{"0":2,"1":2,"2":1,"3":0,"4":0,"5":2,"6":0,"7":0},"b":{"0":[1,1],"1":[1,0],"2":[1,1,0,0,0,0],"3":[0,0],"4":[0,0],"5":[0,0,0],"6":[0,0,0],"7":[0,0],"8":[2,0],"9":[0,2],"10":[2,2],"11":[2,0],"12":[2,0,0],"13":[1,1],"14":[2,2,1],"15":[0,0],"16":[0,0],"17":[0,0]},"meta":{"lastBranch":18,"lastFunction":8,"lastStatement":53,"seen":{"f:21:16:21:48":0,"s:22:18:22:Infinity":0,"s:23:36:23:Infinity":1,"s:25:4:38:Infinity":2,"f:25:18:25:19":1,"s:26:30:26:Infinity":3,"b:28:8:37:Infinity:undefined:undefined:undefined:undefined":0,"s:28:8:37:Infinity":4,"s:29:34:29:Infinity":5,"s:31:12:36:Infinity":6,"s:40:4:40:Infinity":7,"f:47:9:47:Infinity":2,"s:51:19:51:Infinity":8,"s:52:26:52:Infinity":9,"s:55:4:70:Infinity":10,"s:55:17:55:36":11,"s:56:22:56:Infinity":12,"s:57:21:57:Infinity":13,"b:60:8:69:Infinity:undefined:undefined:undefined:undefined":1,"s:60:8:69:Infinity":14,"b:61:12:61:Infinity:62:12:62:Infinity:63:12:63:Infinity:64:12:64:Infinity:65:12:65:Infinity:66:12:66:Infinity":2,"s:68:12:68:Infinity":15,"s:72:4:72:Infinity":16,"f:78:16:78:39":3,"s:79:50:79:Infinity":17,"s:81:21:81:Infinity":18,"s:82:21:82:Infinity":19,"b:82:21:82:45:82:45:82:Infinity":3,"b:85:4:87:Infinity:undefined:undefined:undefined:undefined":4,"s:85:4:87:Infinity":20,"s:86:8:86:Infinity":21,"s:89:4:95:Infinity":22,"b:93:27:93:50:93:50:93:71:93:71:93:Infinity":5,"b:94:27:94:49:94:49:94:69:94:69:94:Infinity":6,"f:101:16:101:Infinity":4,"s:105:45:105:Infinity":23,"b:107:4:112:Infinity:undefined:undefined:undefined:undefined":7,"s:107:4:112:Infinity":24,"s:108:8:108:Infinity":25,"s:110:8:110:Infinity":26,"s:111:8:111:Infinity":27,"s:114:4:114:Infinity":28,"s:115:4:115:Infinity":29,"s:116:4:116:Infinity":30,"f:122:16:122:28":5,"s:123:21:123:Infinity":31,"b:123:21:123:56:123:56:123:Infinity":8,"s:124:23:124:Infinity":32,"b:130:4:135:Infinity:undefined:undefined:undefined:undefined":9,"s:130:4:135:Infinity":33,"b:131:8:131:Infinity:132:8:132:Infinity":10,"s:134:8:134:Infinity":34,"s:139:22:139:Infinity":35,"b:140:4:145:Infinity:undefined:undefined:undefined:undefined":11,"s:140:4:145:Infinity":36,"s:141:24:141:Infinity":37,"b:141:24:141:65:141:65:141:120:141:120:141:Infinity":12,"b:142:8:144:Infinity:undefined:undefined:undefined:undefined":13,"s:142:8:144:Infinity":38,"b:142:12:142:43:142:43:142:81:142:81:142:111":14,"s:143:12:143:Infinity":39,"s:147:4:147:Infinity":40,"f:154:16:154:32":6,"s:155:21:171:Infinity":41,"f:155:42:155:43":7,"s:156:26:156:Infinity":42,"s:158:8:163:Infinity":43,"b:159:12:162:Infinity:undefined:undefined:undefined:undefined":15,"s:159:12:162:Infinity":44,"s:160:16:160:Infinity":45,"s:161:16:161:Infinity":46,"b:165:8:170:Infinity:undefined:undefined:undefined:undefined":16,"s:165:8:170:Infinity":47,"s:166:26:166:Infinity":48,"b:167:12:169:Infinity:undefined:undefined:undefined:undefined":17,"s:167:12:169:Infinity":49,"s:168:16:168:Infinity":50,"s:173:4:176:Infinity":51,"s:178:4:178:Infinity":52}}}
,"C:\\Users\\kondu\\OneDrive\\Desktop\\B.TECH\\6 SEM\\Software Engineering\\Web_Extension\\src\\utils\\urlMatcher.ts": {"path":"C:\\Users\\kondu\\OneDrive\\Desktop\\B.TECH\\6 SEM\\Software Engineering\\Web_Extension\\src\\utils\\urlMatcher.ts","statementMap":{"0":{"start":{"line":12,"column":4},"end":{"line":37,"column":null}},"1":{"start":{"line":13,"column":23},"end":{"line":13,"column":null}},"2":{"start":{"line":14,"column":25},"end":{"line":14,"column":null}},"3":{"start":{"line":17,"column":8},"end":{"line":19,"column":null}},"4":{"start":{"line":18,"column":12},"end":{"line":18,"column":null}},"5":{"start":{"line":22,"column":27},"end":{"line":22,"column":null}},"6":{"start":{"line":25,"column":22},"end":{"line":25,"column":null}},"7":{"start":{"line":29,"column":8},"end":{"line":31,"column":null}},"8":{"start":{"line":30,"column":12},"end":{"line":30,"column":null}},"9":{"start":{"line":33,"column":8},"end":{"line":33,"column":null}},"10":{"start":{"line":35,"column":8},"end":{"line":35,"column":null}},"11":{"start":{"line":36,"column":8},"end":{"line":36,"column":null}},"12":{"start":{"line":45,"column":4},"end":{"line":52,"column":null}},"13":{"start":{"line":46,"column":28},"end":{"line":46,"column":null}},"14":{"start":{"line":47,"column":30},"end":{"line":47,"column":null}},"15":{"start":{"line":48,"column":8},"end":{"line":48,"column":null}},"16":{"start":{"line":50,"column":8},"end":{"line":50,"column":null}},"17":{"start":{"line":51,"column":8},"end":{"line":51,"column":null}},"18":{"start":{"line":60,"column":4},"end":{"line":79,"column":null}},"19":{"start":{"line":61,"column":23},"end":{"line":61,"column":null}},"20":{"start":{"line":62,"column":25},"end":{"line":62,"column":null}},"21":{"start":{"line":65,"column":8},"end":{"line":65,"column":null}},"22":{"start":{"line":68,"column":8},"end":{"line":70,"column":null}},"23":{"start":{"line":69,"column":12},"end":{"line":69,"column":null}},"24":{"start":{"line":73,"column":8},"end":{"line":73,"column":null}},"25":{"start":{"line":75,"column":8},"end":{"line":75,"column":null}},"26":{"start":{"line":77,"column":8},"end":{"line":77,"column":null}},"27":{"start":{"line":78,"column":8},"end":{"line":78,"column":null}},"28":{"start":{"line":89,"column":4},"end":{"line":95,"column":null}},"29":{"start":{"line":90,"column":23},"end":{"line":90,"column":null}},"30":{"start":{"line":91,"column":21},"end":{"line":91,"column":null}},"31":{"start":{"line":92,"column":8},"end":{"line":92,"column":null}},"32":{"start":{"line":94,"column":8},"end":{"line":94,"column":null}},"33":{"start":{"line":103,"column":32},"end":{"line":107,"column":null}},"34":{"start":{"line":109,"column":19},"end":{"line":109,"column":null}},"35":{"start":{"line":110,"column":4},"end":{"line":110,"column":null}},"36":{"start":{"line":110,"column":47},"end":{"line":110,"column":71}}},"fnMap":{"0":{"name":"extractDomain","decl":{"start":{"line":11,"column":16},"end":{"line":11,"column":30}},"loc":{"start":{"line":11,"column":51},"end":{"line":38,"column":null}},"line":11},"1":{"name":"matchURL","decl":{"start":{"line":44,"column":16},"end":{"line":44,"column":25}},"loc":{"start":{"line":44,"column":72},"end":{"line":53,"column":null}},"line":44},"2":{"name":"normalizeURL","decl":{"start":{"line":59,"column":16},"end":{"line":59,"column":29}},"loc":{"start":{"line":59,"column":50},"end":{"line":80,"column":null}},"line":59},"3":{"name":"getDisplayName","decl":{"start":{"line":88,"column":16},"end":{"line":88,"column":31}},"loc":{"start":{"line":88,"column":52},"end":{"line":96,"column":null}},"line":88},"4":{"name":"isBlacklisted","decl":{"start":{"line":102,"column":16},"end":{"line":102,"column":30}},"loc":{"start":{"line":102,"column":52},"end":{"line":111,"column":null}},"line":102},"5":{"name":"(anonymous_5)","decl":{"start":{"line":110,"column":26},"end":{"line":110,"column":27}},"loc":{"start":{"line":110,"column":47},"end":{"line":110,"column":71}},"line":110}},"branchMap":{"0":{"loc":{"start":{"line":17,"column":8},"end":{"line":19,"column":null}},"type":"if","locations":[{"start":{"line":17,"column":8},"end":{"line":19,"column":null}},{"start":{},"end":{}}],"line":17},"1":{"loc":{"start":{"line":17,"column":12},"end":{"line":17,"column":79}},"type":"binary-expr","locations":[{"start":{"line":17,"column":12},"end":{"line":17,"column":40}},{"start":{"line":17,"column":40},"end":{"line":17,"column":79}}],"line":17},"2":{"loc":{"start":{"line":29,"column":8},"end":{"line":31,"column":null}},"type":"if","locations":[{"start":{"line":29,"column":8},"end":{"line":31,"column":null}},{"start":{},"end":{}}],"line":29},"3":{"loc":{"start":{"line":68,"column":8},"end":{"line":70,"column":null}},"type":"if","locations":[{"start":{"line":68,"column":8},"end":{"line":70,"column":null}},{"start":{},"end":{}}],"line":68},"4":{"loc":{"start":{"line":68,"column":12},"end":{"line":68,"column":56}},"type":"binary-expr","locations":[{"start":{"line":68,"column":12},"end":{"line":68,"column":31}},{"start":{"line":68,"column":31},"end":{"line":68,"column":56}}],"line":68}},"s":{"0":0,"1":0,"2":0,"3":0,"4":0,"5":0,"6":0,"7":0,"8":0,"9":0,"10":0,"11":0,"12":0,"13":0,"14":0,"15":0,"16":0,"17":0,"18":0,"19":0,"20":0,"21":0,"22":0,"23":0,"24":0,"25":0,"26":0,"27":0,"28":0,"29":0,"30":0,"31":0,"32":0,"33":0,"34":0,"35":0,"36":0},"f":{"0":0,"1":0,"2":0,"3":0,"4":0,"5":0},"b":{"0":[0,0],"1":[0,0],"2":[0,0],"3":[0,0],"4":[0,0]},"meta":{"lastBranch":5,"lastFunction":6,"lastStatement":37,"seen":{"f:11:16:11:30":0,"s:12:4:37:Infinity":0,"s:13:23:13:Infinity":1,"s:14:25:14:Infinity":2,"b:17:8:19:Infinity:undefined:undefined:undefined:undefined":0,"s:17:8:19:Infinity":3,"b:17:12:17:40:17:40:17:79":1,"s:18:12:18:Infinity":4,"s:22:27:22:Infinity":5,"s:25:22:25:Infinity":6,"b:29:8:31:Infinity:undefined:undefined:undefined:undefined":2,"s:29:8:31:Infinity":7,"s:30:12:30:Infinity":8,"s:33:8:33:Infinity":9,"s:35:8:35:Infinity":10,"s:36:8:36:Infinity":11,"f:44:16:44:25":1,"s:45:4:52:Infinity":12,"s:46:28:46:Infinity":13,"s:47:30:47:Infinity":14,"s:48:8:48:Infinity":15,"s:50:8:50:Infinity":16,"s:51:8:51:Infinity":17,"f:59:16:59:29":2,"s:60:4:79:Infinity":18,"s:61:23:61:Infinity":19,"s:62:25:62:Infinity":20,"s:65:8:65:Infinity":21,"b:68:8:70:Infinity:undefined:undefined:undefined:undefined":3,"s:68:8:70:Infinity":22,"b:68:12:68:31:68:31:68:56":4,"s:69:12:69:Infinity":23,"s:73:8:73:Infinity":24,"s:75:8:75:Infinity":25,"s:77:8:77:Infinity":26,"s:78:8:78:Infinity":27,"f:88:16:88:31":3,"s:89:4:95:Infinity":28,"s:90:23:90:Infinity":29,"s:91:21:91:Infinity":30,"s:92:8:92:Infinity":31,"s:94:8:94:Infinity":32,"f:102:16:102:30":4,"s:103:32:107:Infinity":33,"s:109:19:109:Infinity":34,"s:110:4:110:Infinity":35,"f:110:26:110:27":5,"s:110:47:110:71":36}}}
}
